app/build/intermediates/manifest_merge_blame_file/debug/manifest-merger-blame-debug-report.txt
1<?xml version="1.0" encoding="utf-8"?>
2<manifest xmlns:android="http://schemas.android.com/apk/res/android"
3    package="com.rohit.gpstracker"
4    android:versionCode="1"
5    android:versionName="1.0" >
6
7    <uses-sdk
8        android:minSdkVersion="24"
8-->src\main\AndroidManifest.xml
9        android:targetSdkVersion="32" />
9-->src\main\AndroidManifest.xml
10
11    <uses-permission android:name="android.permission.INTERNET" />
11-->src\main\AndroidManifest.xml:5:5-66
11-->src\main\AndroidManifest.xml:5:22-64
12
13    <application
13-->src\main\AndroidManifest.xml:6:5-21:19
14        android:name="com.rohit.gpstracker.MyRoomRetroApp"
14-->src\main\AndroidManifest.xml:8:9-59
15        android:allowBackup="true"
15-->src\main\AndroidManifest.xml:7:9-35
16        android:appComponentFactory="androidx.core.app.CoreComponentFactory"
16-->[androidx.core:core:1.7.0] AndroidManifest.xml:24:18-86
17        android:debuggable="true"
18        android:extractNativeLibs="false"
19        android:icon="@mipmap/ic_launcher"
19-->src\main\AndroidManifest.xml:9:9-43
20        android:label="@string/app_name"
20-->src\main\AndroidManifest.xml:10:9-41
21        android:roundIcon="@mipmap/ic_launcher_round"
21-->src\main\AndroidManifest.xml:11:9-54
22        android:supportsRtl="true"
22-->src\main\AndroidManifest.xml:12:9-35
23        android:testOnly="true"
24        android:theme="@style/Theme.Paging3WithRoom" >
24-->src\main\AndroidManifest.xml:13:9-53
25        <activity android:name="com.rohit.gpstracker.MainActivity" >
25-->src\main\AndroidManifest.xml:14:9-20:20
25-->src\main\AndroidManifest.xml:14:19-67
26            <intent-filter>
26-->src\main\AndroidManifest.xml:15:13-19:29
27                <action android:name="android.intent.action.MAIN" />
27-->src\main\AndroidManifest.xml:16:17-69
27-->src\main\AndroidManifest.xml:16:25-66
28
29                <category android:name="android.intent.category.LAUNCHER" />
29-->src\main\AndroidManifest.xml:18:17-77
29-->src\main\AndroidManifest.xml:18:27-74
30            </intent-filter>
31        </activity>
32
33        <service
33-->[androidx.room:room-runtime:2.5.0-alpha01] AndroidManifest.xml:26:9-30:63
34            android:name="androidx.room.MultiInstanceInvalidationService"
34-->[androidx.room:room-runtime:2.5.0-alpha01] AndroidManifest.xml:27:13-74
35            android:directBootAware="true"
35-->[androidx.room:room-runtime:2.5.0-alpha01] AndroidManifest.xml:28:13-43
36            android:exported="false" />
36-->[androidx.room:room-runtime:2.5.0-alpha01] AndroidManifest.xml:29:13-37
37
38        <provider
38-->[androidx.emoji2:emoji2:1.0.0] AndroidManifest.xml:26:9-34:20
39            android:name="androidx.startup.InitializationProvider"
39-->[androidx.emoji2:emoji2:1.0.0] AndroidManifest.xml:27:13-67
40            android:authorities="com.rohit.gpstracker.androidx-startup"
40-->[androidx.emoji2:emoji2:1.0.0] AndroidManifest.xml:28:13-68
41            android:exported="false" >
41-->[androidx.emoji2:emoji2:1.0.0] AndroidManifest.xml:29:13-37
42            <meta-data
42-->[androidx.emoji2:emoji2:1.0.0] AndroidManifest.xml:31:13-33:52
43                android:name="androidx.emoji2.text.EmojiCompatInitializer"
43-->[androidx.emoji2:emoji2:1.0.0] AndroidManifest.xml:32:17-75
44                android:value="androidx.startup" />
44-->[androidx.emoji2:emoji2:1.0.0] AndroidManifest.xml:33:17-49
45            <meta-data
45-->[androidx.lifecycle:lifecycle-process:2.4.0] AndroidManifest.xml:31:13-33:52
46                android:name="androidx.lifecycle.ProcessLifecycleInitializer"
46-->[androidx.lifecycle:lifecycle-process:2.4.0] AndroidManifest.xml:32:17-78
47                android:value="androidx.startup" />
47-->[androidx.lifecycle:lifecycle-process:2.4.0] AndroidManifest.xml:33:17-49
48        </provider>
49    </application>
50
51</manifest>